<?xml version="1.0" encoding="UTF-8"?>
<testsuite xmlns:xsi="http://www.w3.org/2001/XMLSchema-instance" xsi:noNamespaceSchemaLocation="https://maven.apache.org/surefire/maven-surefire-plugin/xsd/surefire-test-report-3.0.xsd" version="3.0" name="com.luv2code.junitdemo.DemoUtilsTest" time="0.112" tests="6" errors="0" skipped="0" failures="0">
  <properties>
[...]
</properties>
  <testcase name="testEqualsAndNotEquals" classname="com.luv2code.junitdemo.DemoUtilsTest" time="0.053">
    <system-out><![CDATA[@BeforeEach - executing once before each test method in this class.
Running test: testEqualsAndNotEquals()
]]></system-out>
  </testcase>
  <testcase name="testIsGreaterThanOrNot" classname="com.luv2code.junitdemo.DemoUtilsTest" time="0.003">
    <system-out><![CDATA[@BeforeEach - executing once before each test method in this class.
Running test: testIsGreaterThanOrNot()
]]></system-out>
  </testcase>
  <testcase name="testMultiply" classname="com.luv2code.junitdemo.DemoUtilsTest" time="0.001">
    <system-out><![CDATA[@BeforeEach - executing once before each test method in this class.
]]></system-out>
  </testcase>
  <testcase name="testNullAndNotNull" classname="com.luv2code.junitdemo.DemoUtilsTest" time="0.003">
    <system-out><![CDATA[@BeforeEach - executing once before each test method in this class.
Running test: testNullAndNotNull()
]]></system-out>
  </testcase>
  <testcase name="testSameAndNotSame" classname="com.luv2code.junitdemo.DemoUtilsTest" time="0.003">
    <system-out><![CDATA[@BeforeEach - executing once before each test method in this class.
Running test: testSameAndNotSame()
]]></system-out>
  </testcase>
  <testcase name="testThrowsAndDoesNotThrow" classname="com.luv2code.junitdemo.DemoUtilsTest" time="0.005">
    <system-out><![CDATA[@BeforeEach - executing once before each test method in this class.
Running test: testThrowsAndDoesNotThrow()
]]></system-out>
  </testcase>
</testsuite>